<?xml version="1.0" encoding="UTF-8"?>
<!-- Generated by org.testng.reporters.JUnitReportReporter -->
<testsuite hostname="LAPTOP-8HVGFV97" failures="0" tests="5" name="databaseTesting.databaseTesting.jdbcconnection" time="33.159" errors="0" timestamp="2022-02-11T20:50:41 IST" skipped="0">
  <testcase classname="databaseTesting.databaseTesting.jdbcconnection" name="test" time="5.834"/>
  <system-out/>
  <testcase classname="databaseTesting.databaseTesting.jdbcconnection" name="test" time="6.678"/>
  <system-out/>
  <testcase classname="databaseTesting.databaseTesting.jdbcconnection" name="test" time="7.503"/>
  <system-out/>
  <testcase classname="databaseTesting.databaseTesting.jdbcconnection" name="test" time="6.786"/>
  <system-out/>
  <testcase classname="databaseTesting.databaseTesting.jdbcconnection" name="test" time="6.358"/>
  <system-out/>
</testsuite> <!-- databaseTesting.databaseTesting.jdbcconnection -->
